Connection established to port 5555
Message sent to port 5555: LIST
List operation started
Message received from port 5555: LIST test1.txt test2.txt test3.txt
List operation successfully completed
Message sent to port 5555: STORE test1.txt 11
Store operation started for file test1.txt
Message received from port 5555: ERROR_FILE_ALREADY_EXISTS
File to store test1.txt already exists in the data store
Message sent to port 5555: STORE test1.txt 11
Store operation started for file test1.txt
Message received from port 5555: ERROR_FILE_ALREADY_EXISTS
File to store test1.txt already exists in the data store
Message sent to port 5555: LIST
List operation started
Message received from port 5555: LIST test1.txt test2.txt test3.txt
List operation successfully completed
Message sent to port 5555: LOAD test1.txt
Load operation for file test1.txt started
Message received from port 5555: LOAD_FROM 1111 11
Controller replied to load file test1.txt (size: 11 bytes) from Dstore 1111
Connection established to port 1111
Message sent to port 1111: LOAD_DATA test1.txt
Loading file test1.txt from Dstore 1111
Load operation of file test1.txt from Dstore 1111 successfully completed
Message sent to port 5555: LOAD test2.txt
Load operation for file test2.txt started
Message received from port 5555: LOAD_FROM 1111 7
Controller replied to load file test2.txt (size: 7 bytes) from Dstore 1111
Connection established to port 1111
Message sent to port 1111: LOAD_DATA test2.txt
Loading file test2.txt from Dstore 1111
Timeout expired while reading from port 1111
Load operation for file test2.txt from Dstore 1111 failed
Message sent to port 5555: RELOAD test2.txt
Retrying to load file test2.txt
Message received from port 5555: LOAD_FROM 2222 7
Controller replied to load file test2.txt (size: 7 bytes) from Dstore 2222
Connection established to port 2222
Message sent to port 2222: LOAD_DATA test2.txt
Loading file test2.txt from Dstore 2222
Load operation of file test2.txt from Dstore 2222 successfully completed
Message sent to port 5555: LOAD test3.txt
Load operation for file test3.txt started
Message received from port 5555: LOAD_FROM 1111 7
Controller replied to load file test3.txt (size: 7 bytes) from Dstore 1111
Connection established to port 1111
Message sent to port 1111: LOAD_DATA test3.txt
Loading file test3.txt from Dstore 1111
Timeout expired while reading from port 1111
Load operation for file test3.txt from Dstore 1111 failed
Message sent to port 5555: RELOAD test3.txt
Retrying to load file test3.txt
Message received from port 5555: LOAD_FROM 2222 7
Controller replied to load file test3.txt (size: 7 bytes) from Dstore 2222
Connection established to port 2222
Message sent to port 2222: LOAD_DATA test3.txt
Loading file test3.txt from Dstore 2222
Timeout expired while reading from port 2222
Load operation for file test3.txt from Dstore 2222 failed
Message sent to port 5555: RELOAD test3.txt
Retrying to load file test3.txt
Message received from port 5555: LOAD_FROM 3333 7
Controller replied to load file test3.txt (size: 7 bytes) from Dstore 3333
Connection established to port 3333
Message sent to port 3333: LOAD_DATA test3.txt
Loading file test3.txt from Dstore 3333
Load operation of file test3.txt from Dstore 3333 successfully completed
Message sent to port 5555: REMOVE test1.txt
Remove operation for file test1.txt started
Timeout expired while reading from port 5555
Remove operation for file test1.txt not completed successfully
Message sent to port 5555: REMOVE test2.txt
Remove operation for file test2.txt started
Timeout expired while reading from port 5555
Remove operation for file test2.txt not completed successfully
Message sent to port 5555: REMOVE test3.txt
Remove operation for file test3.txt started
Timeout expired while reading from port 5555
Remove operation for file test3.txt not completed successfully
Message sent to port 5555: REMOVE test1.txt
Remove operation for file test1.txt started
Message received from port 5555: ERROR_FILE_DOES_NOT_EXIST
Remove operation failed because file does not exist (filename: test1.txt)
Message sent to port 5555: LIST
List operation started
Message received from port 5555: LIST
List operation successfully completed
Connection established to port 5555
Connection established to port 5555
Connection established to port 5555
Connection established to port 5555
Connection established to port 5555
Connection established to port 5555
Connection established to port 5555
Connection established to port 5555
Connection established to port 5555
Connection established to port 5555
Message sent to port 5555: LIST
Message sent to port 5555: LIST
List operation started
Message sent to port 5555: LIST
List operation started
Message sent to port 5555: LIST
List operation started
Message sent to port 5555: LIST
Message sent to port 5555: LIST
Message sent to port 5555: LIST
Message sent to port 5555: LIST
List operation started
Message sent to port 5555: LIST
List operation started
List operation started
Message sent to port 5555: LIST
List operation started
List operation started
List operation started
List operation started
Message received from port 5555: LIST
List operation successfully completed
Message sent to port 5555: LIST
List operation started
Message received from port 5555: LIST
List operation successfully completed
Message received from port 5555: LIST
List operation successfully completed
Message sent to port 5555: LIST
List operation started
Message received from port 5555: LIST
List operation successfully completed
Message received from port 5555: LIST
Message received from port 5555: LIST
Message received from port 5555: LIST
Message sent to port 5555: LIST
List operation successfully completed
List operation successfully completed
List operation successfully completed
Message sent to port 5555: LIST
List operation started
Message received from port 5555: LIST
List operation started
Message received from port 5555: LIST
Message sent to port 5555: LIST
List operation successfully completed
List operation started
List operation successfully completed
Message received from port 5555: LIST
Message received from port 5555: LIST
Message sent to port 5555: LIST
List operation successfully completed
List operation successfully completed
List operation started
Message received from port 5555: LIST
List operation successfully completed
Message received from port 5555: LIST
List operation successfully completed
Message sent to port 5555: LIST
List operation started
Message received from port 5555: LIST
List operation successfully completed
Message received from port 5555: LIST
List operation successfully completed
Message sent to port 5555: LIST
List operation started
Message received from port 5555: LIST
List operation successfully completed
Message sent to port 5555: LIST
Message received from port 5555: LIST
List operation started
List operation successfully completed
Message received from port 5555: LIST
List operation successfully completed
Message received from port 5555: LIST
Message sent to port 5555: LIST
List operation successfully completed
List operation started
Message received from port 5555: LIST
List operation successfully completed
