Connection established to port 5555
Message sent to port 5555: LIST
List operation started
Message received from port 5555: LIST test1.txt
List operation successfully completed
Message sent to port 5555: STORE test1.txt 11
Store operation started for file test1.txt
Message received from port 5555: ERROR_FILE_ALREADY_EXISTS
File to store test1.txt already exists in the data store
Message sent to port 5555: STORE test1.txt 11
Store operation started for file test1.txt
Message received from port 5555: ERROR_FILE_ALREADY_EXISTS
File to store test1.txt already exists in the data store
Message sent to port 5555: STORE test2.txt 7
Store operation started for file test2.txt
Timeout expired while reading from port 5555
Message sent to port 5555: LIST
List operation started
Timeout expired while reading from port 5555
List operation failed
