Connection established to port 5555
Message sent to port 5555: LIST
List operation started
Message received from port 5555: LIST test1.txt
List operation successfully completed
Message sent to port 5555: LIST
List operation started
Message received from port 5555: LIST test1.txt
List operation successfully completed
Message sent to port 5555: LOAD test1.txt
Load operation for file test1.txt started
Message received from port 5555: LOAD_FROM 1111 11
Controller replied to load file test1.txt (size: 11 bytes) from Dstore 1111
Connection established to port 1111
Message sent to port 1111: LOAD_DATA test1.txt
Loading file test1.txt from Dstore 1111
Timeout expired while reading from port 1111
Load operation for file test1.txt from Dstore 1111 failed
Message sent to port 5555: RELOAD test1.txt
Retrying to load file test1.txt
Message received from port 5555: LOAD_FROM 2222 11
Controller replied to load file test1.txt (size: 11 bytes) from Dstore 2222
Connection established to port 2222
Message sent to port 2222: LOAD_DATA test1.txt
Loading file test1.txt from Dstore 2222
Timeout expired while reading from port 2222
Load operation for file test1.txt from Dstore 2222 failed
Message sent to port 5555: RELOAD test1.txt
Retrying to load file test1.txt
Message received from port 5555: LOAD_FROM 3333 11
Controller replied to load file test1.txt (size: 11 bytes) from Dstore 3333
Connection established to port 3333
Message sent to port 3333: LOAD_DATA test1.txt
Loading file test1.txt from Dstore 3333
Timeout expired while reading from port 3333
Load operation for file test1.txt from Dstore 3333 failed
Message sent to port 5555: RELOAD test1.txt
Retrying to load file test1.txt
Message received from port 5555: ERROR_LOAD
Load operation for file test1.txt failed after having contacted 3 different Dstores
Message sent to port 5555: REMOVE test1.txt
Remove operation for file test1.txt started
Timeout expired while reading from port 5555
Remove operation for file test1.txt not completed successfully
Message sent to port 5555: REMOVE test1.txt
Remove operation for file test1.txt started
Message received from port 5555: ERROR_FILE_DOES_NOT_EXIST
Remove operation failed because file does not exist (filename: test1.txt)
Message sent to port 5555: LIST
List operation started
Message received from port 5555: LIST
List operation successfully completed
Connection established to port 5555
Connection established to port 5555
Connection established to port 5555
Connection established to port 5555
Connection established to port 5555
Connection established to port 5555
Message sent to port 5555: LIST
Connection established to port 5555
Message sent to port 5555: LIST
Connection established to port 5555
Message sent to port 5555: LIST
Connection established to port 5555
List operation started
Connection established to port 5555
List operation started
Message sent to port 5555: LIST
Message sent to port 5555: LIST
List operation started
List operation started
Message sent to port 5555: LIST
List operation started
Message received from port 5555: LIST
List operation successfully completed
Message sent to port 5555: LIST
List operation started
Message received from port 5555: LIST
Message sent to port 5555: LIST
List operation started
Message sent to port 5555: LIST
Message sent to port 5555: LIST
List operation started
Message received from port 5555: LIST
List operation successfully completed
List operation successfully completed
Message sent to port 5555: LIST
List operation started
List operation started
Message received from port 5555: LIST
List operation successfully completed
List operation started
Message sent to port 5555: LIST
List operation started
Message sent to port 5555: LIST
List operation started
Message received from port 5555: LIST
Message received from port 5555: LIST
List operation successfully completed
Message received from port 5555: LIST
List operation successfully completed
List operation successfully completed
Message sent to port 5555: LIST
List operation started
Message received from port 5555: LIST
List operation successfully completed
Message received from port 5555: LIST
Message sent to port 5555: LIST
List operation successfully completed
List operation started
Message received from port 5555: LIST
List operation successfully completed
Message received from port 5555: LIST
List operation successfully completed
Message sent to port 5555: LIST
List operation started
Message received from port 5555: LIST
Message received from port 5555: LIST
List operation successfully completed
List operation successfully completed
Message received from port 5555: LIST
Message sent to port 5555: LIST
List operation started
List operation successfully completed
Message received from port 5555: LIST
Message received from port 5555: LIST
List operation successfully completed
Message sent to port 5555: LIST
List operation successfully completed
List operation started
Message received from port 5555: LIST
List operation successfully completed
Message received from port 5555: LIST
Message sent to port 5555: LIST
Message sent to port 5555: LIST
List operation started
List operation successfully completed
List operation started
Message received from port 5555: LIST
Message received from port 5555: LIST
List operation successfully completed
List operation successfully completed
