Connection established to port 5555
Message sent to port 5555: LIST
List operation started
Message received from port 5555: LIST 
List operation successfully completed
Message sent to port 5555: LIST
List operation started
Message received from port 5555: LIST 
List operation successfully completed
Message sent to port 5555: LIST
List operation started
Message received from port 5555: LIST 
List operation successfully completed
Connection established to port 5555
Connection established to port 5555
Connection established to port 5555
Connection established to port 5555
Connection established to port 5555
Connection established to port 5555
Message sent to port 5555: LIST
Message sent to port 5555: LIST
Message sent to port 5555: LIST
List operation started
Connection established to port 5555
Connection established to port 5555
Connection established to port 5555
Connection established to port 5555
List operation started
List operation started
Message sent to port 5555: LIST
Message sent to port 5555: LIST
Message sent to port 5555: LIST
List operation started
Message sent to port 5555: LIST
Message sent to port 5555: LIST
Message sent to port 5555: LIST
List operation started
Message sent to port 5555: LIST
Message received from port 5555: LIST 
List operation started
List operation started
List operation started
List operation started
Message received from port 5555: LIST 
List operation started
List operation successfully completed
List operation successfully completed
Message sent to port 5555: LIST
Message sent to port 5555: LIST
List operation started
List operation started
Message received from port 5555: LIST 
Message received from port 5555: LIST 
List operation successfully completed
List operation successfully completed
Message received from port 5555: LIST 
List operation successfully completed
Message sent to port 5555: LIST
List operation started
Message received from port 5555: LIST 
List operation successfully completed
Message received from port 5555: LIST 
List operation successfully completed
Message sent to port 5555: LIST
List operation started
Message received from port 5555: LIST 
Message received from port 5555: LIST 
List operation successfully completed
List operation successfully completed
Message sent to port 5555: LIST
List operation started
Message received from port 5555: LIST 
List operation successfully completed
Message received from port 5555: LIST 
List operation successfully completed
Message sent to port 5555: LIST
List operation started
Message received from port 5555: LIST 
Message received from port 5555: LIST 
List operation successfully completed
List operation successfully completed
Message sent to port 5555: LIST
List operation started
Message received from port 5555: LIST 
List operation successfully completed
Message received from port 5555: LIST 
List operation successfully completed
Message sent to port 5555: LIST
List operation started
Message received from port 5555: LIST 
List operation successfully completed
Message received from port 5555: LIST 
List operation successfully completed
Message sent to port 5555: LIST
List operation started
Message received from port 5555: LIST 
List operation successfully completed
Message received from port 5555: LIST 
List operation successfully completed
Message sent to port 5555: LIST
List operation started
Message received from port 5555: LIST 
List operation successfully completed
